[ 2015-08-21T14:05:46+08:00 ] 127.0.0.1 /Public/images/wechat/ss.jpg
INFO: [ app_init ] --START--
INFO: Run Behavior\BuildLiteBehavior [ RunTime:0.000000s ]
NOTIC: [8192] mysql_connect(): The mysql extension is deprecated and will be removed in the future: use mysqli or PDO instead H:\website\cx_dh\ThinkPHP\Library\Think\Db\Driver\Mysql.class.php 第 52 行.
SQL: SHOW COLUMNS FROM `thinkphp_hooks` [ RunTime:0.003000s ]
SQL: SELECT `name`,`addons` FROM `thinkphp_hooks`  [ RunTime:0.000000s ]
SQL: SHOW COLUMNS FROM `thinkphp_addons` [ RunTime:0.003000s ]
SQL: SELECT `id`,`name` FROM `thinkphp_addons` WHERE ( `status` = 1 ) AND ( `name` IN ('ShareBaidu','ShareBshare') )  [ RunTime:0.000000s ]
SQL: SELECT `id`,`name` FROM `thinkphp_addons` WHERE ( `status` = 1 ) AND ( `name` IN ('DiscussUyan','DiscussDuoshuo') )  [ RunTime:0.000000s ]
SQL: SELECT `id`,`name` FROM `thinkphp_addons` WHERE ( `status` = 1 ) AND ( `name` IN ('TongjiBaidu') )  [ RunTime:0.000000s ]
SQL: SELECT `id`,`name` FROM `thinkphp_addons` WHERE ( `status` = 1 ) AND ( `name` IN ('WeatherTsff','WeatherTqw') )  [ RunTime:0.000000s ]
SQL: SELECT `id`,`name` FROM `thinkphp_addons` WHERE ( `status` = 1 ) AND ( `name` IN ('WechatJSDK') )  [ RunTime:0.000000s ]
SQL: SELECT `id`,`name` FROM `thinkphp_addons` WHERE ( `status` = 1 ) AND ( `name` IN ('DituBaidu','DituBaiduDaohang') )  [ RunTime:0.000000s ]
SQL: SELECT `id`,`name` FROM `thinkphp_addons` WHERE ( `status` = 1 ) AND ( `name` IN ('OpenloginQQ') )  [ RunTime:0.000000s ]
INFO: Run Common\Behavior\InitHookBehavior [ RunTime:1.022058s ]
INFO: [ app_init ] --END-- [ RunTime:1.022058s ]

[ 2015-08-21T14:05:46+08:00 ] 127.0.0.1 /Public/images/wechat/applistsbg.jpg
INFO: [ app_init ] --START--
INFO: Run Behavior\BuildLiteBehavior [ RunTime:0.000000s ]
NOTIC: [8192] mysql_connect(): The mysql extension is deprecated and will be removed in the future: use mysqli or PDO instead H:\website\cx_dh\ThinkPHP\Library\Think\Db\Driver\Mysql.class.php 第 52 行.
SQL: SHOW COLUMNS FROM `thinkphp_hooks` [ RunTime:0.003000s ]
SQL: SELECT `name`,`addons` FROM `thinkphp_hooks`  [ RunTime:0.000000s ]
SQL: SHOW COLUMNS FROM `thinkphp_addons` [ RunTime:0.003000s ]
SQL: SELECT `id`,`name` FROM `thinkphp_addons` WHERE ( `status` = 1 ) AND ( `name` IN ('ShareBaidu','ShareBshare') )  [ RunTime:0.001001s ]
SQL: SELECT `id`,`name` FROM `thinkphp_addons` WHERE ( `status` = 1 ) AND ( `name` IN ('DiscussUyan','DiscussDuoshuo') )  [ RunTime:0.000000s ]
SQL: SELECT `id`,`name` FROM `thinkphp_addons` WHERE ( `status` = 1 ) AND ( `name` IN ('TongjiBaidu') )  [ RunTime:0.000000s ]
SQL: SELECT `id`,`name` FROM `thinkphp_addons` WHERE ( `status` = 1 ) AND ( `name` IN ('WeatherTsff','WeatherTqw') )  [ RunTime:0.000000s ]
SQL: SELECT `id`,`name` FROM `thinkphp_addons` WHERE ( `status` = 1 ) AND ( `name` IN ('WechatJSDK') )  [ RunTime:0.000000s ]
SQL: SELECT `id`,`name` FROM `thinkphp_addons` WHERE ( `status` = 1 ) AND ( `name` IN ('DituBaidu','DituBaiduDaohang') )  [ RunTime:0.000000s ]
SQL: SELECT `id`,`name` FROM `thinkphp_addons` WHERE ( `status` = 1 ) AND ( `name` IN ('OpenloginQQ') )  [ RunTime:0.000000s ]
INFO: Run Common\Behavior\InitHookBehavior [ RunTime:1.031059s ]
INFO: [ app_init ] --END-- [ RunTime:1.031059s ]

[ 2015-08-21T14:05:46+08:00 ] 127.0.0.1 /Public/images/wechat/bar011.jpg
INFO: [ app_init ] --START--
INFO: Run Behavior\BuildLiteBehavior [ RunTime:0.000000s ]
NOTIC: [8192] mysql_connect(): The mysql extension is deprecated and will be removed in the future: use mysqli or PDO instead H:\website\cx_dh\ThinkPHP\Library\Think\Db\Driver\Mysql.class.php 第 52 行.
SQL: SHOW COLUMNS FROM `thinkphp_hooks` [ RunTime:0.003000s ]
SQL: SELECT `name`,`addons` FROM `thinkphp_hooks`  [ RunTime:0.000000s ]
SQL: SHOW COLUMNS FROM `thinkphp_addons` [ RunTime:0.003000s ]
SQL: SELECT `id`,`name` FROM `thinkphp_addons` WHERE ( `status` = 1 ) AND ( `name` IN ('ShareBaidu','ShareBshare') )  [ RunTime:0.000000s ]
SQL: SELECT `id`,`name` FROM `thinkphp_addons` WHERE ( `status` = 1 ) AND ( `name` IN ('DiscussUyan','DiscussDuoshuo') )  [ RunTime:0.000000s ]
SQL: SELECT `id`,`name` FROM `thinkphp_addons` WHERE ( `status` = 1 ) AND ( `name` IN ('TongjiBaidu') )  [ RunTime:0.000000s ]
SQL: SELECT `id`,`name` FROM `thinkphp_addons` WHERE ( `status` = 1 ) AND ( `name` IN ('WeatherTsff','WeatherTqw') )  [ RunTime:0.000000s ]
SQL: SELECT `id`,`name` FROM `thinkphp_addons` WHERE ( `status` = 1 ) AND ( `name` IN ('WechatJSDK') )  [ RunTime:0.000000s ]
SQL: SELECT `id`,`name` FROM `thinkphp_addons` WHERE ( `status` = 1 ) AND ( `name` IN ('DituBaidu','DituBaiduDaohang') )  [ RunTime:0.000000s ]
SQL: SELECT `id`,`name` FROM `thinkphp_addons` WHERE ( `status` = 1 ) AND ( `name` IN ('OpenloginQQ') )  [ RunTime:0.000000s ]
INFO: Run Common\Behavior\InitHookBehavior [ RunTime:1.037060s ]
INFO: [ app_init ] --END-- [ RunTime:1.037060s ]

[ 2015-08-21T15:03:23+08:00 ] 127.0.0.1 /Public/images/wechat/bar.jpg
INFO: [ app_init ] --START--
INFO: Run Behavior\BuildLiteBehavior [ RunTime:0.000000s ]
NOTIC: [8192] mysql_connect(): The mysql extension is deprecated and will be removed in the future: use mysqli or PDO instead H:\website\cx_dh\ThinkPHP\Library\Think\Db\Driver\Mysql.class.php 第 52 行.
SQL: SHOW COLUMNS FROM `thinkphp_hooks` [ RunTime:0.004001s ]
SQL: SELECT `name`,`addons` FROM `thinkphp_hooks`  [ RunTime:0.001000s ]
SQL: SHOW COLUMNS FROM `thinkphp_addons` [ RunTime:0.003000s ]
SQL: SELECT `id`,`name` FROM `thinkphp_addons` WHERE ( `status` = 1 ) AND ( `name` IN ('ShareBaidu','ShareBshare') )  [ RunTime:0.000000s ]
SQL: SELECT `id`,`name` FROM `thinkphp_addons` WHERE ( `status` = 1 ) AND ( `name` IN ('DiscussUyan','DiscussDuoshuo') )  [ RunTime:0.000000s ]
SQL: SELECT `id`,`name` FROM `thinkphp_addons` WHERE ( `status` = 1 ) AND ( `name` IN ('TongjiBaidu') )  [ RunTime:0.000000s ]
SQL: SELECT `id`,`name` FROM `thinkphp_addons` WHERE ( `status` = 1 ) AND ( `name` IN ('WeatherTsff','WeatherTqw') )  [ RunTime:0.000000s ]
SQL: SELECT `id`,`name` FROM `thinkphp_addons` WHERE ( `status` = 1 ) AND ( `name` IN ('WechatJSDK') )  [ RunTime:0.000000s ]
SQL: SELECT `id`,`name` FROM `thinkphp_addons` WHERE ( `status` = 1 ) AND ( `name` IN ('DituBaidu','DituBaiduDaohang') )  [ RunTime:0.000000s ]
SQL: SELECT `id`,`name` FROM `thinkphp_addons` WHERE ( `status` = 1 ) AND ( `name` IN ('OpenloginQQ') )  [ RunTime:0.001000s ]
INFO: Run Common\Behavior\InitHookBehavior [ RunTime:1.024058s ]
INFO: [ app_init ] --END-- [ RunTime:1.024058s ]

[ 2015-08-21T15:30:39+08:00 ] 127.0.0.1 /images/barbg.jpg
INFO: [ app_init ] --START--
INFO: Run Behavior\BuildLiteBehavior [ RunTime:0.000000s ]
NOTIC: [8192] mysql_connect(): The mysql extension is deprecated and will be removed in the future: use mysqli or PDO instead H:\website\cx_dh\ThinkPHP\Library\Think\Db\Driver\Mysql.class.php 第 52 行.
SQL: SHOW COLUMNS FROM `thinkphp_hooks` [ RunTime:0.006000s ]
SQL: SELECT `name`,`addons` FROM `thinkphp_hooks`  [ RunTime:0.000000s ]
SQL: SHOW COLUMNS FROM `thinkphp_addons` [ RunTime:0.004000s ]
SQL: SELECT `id`,`name` FROM `thinkphp_addons` WHERE ( `status` = 1 ) AND ( `name` IN ('ShareBaidu','ShareBshare') )  [ RunTime:0.000000s ]
SQL: SELECT `id`,`name` FROM `thinkphp_addons` WHERE ( `status` = 1 ) AND ( `name` IN ('DiscussUyan','DiscussDuoshuo') )  [ RunTime:0.000000s ]
SQL: SELECT `id`,`name` FROM `thinkphp_addons` WHERE ( `status` = 1 ) AND ( `name` IN ('TongjiBaidu') )  [ RunTime:0.000000s ]
SQL: SELECT `id`,`name` FROM `thinkphp_addons` WHERE ( `status` = 1 ) AND ( `name` IN ('WeatherTsff','WeatherTqw') )  [ RunTime:0.000000s ]
SQL: SELECT `id`,`name` FROM `thinkphp_addons` WHERE ( `status` = 1 ) AND ( `name` IN ('WechatJSDK') )  [ RunTime:0.000000s ]
SQL: SELECT `id`,`name` FROM `thinkphp_addons` WHERE ( `status` = 1 ) AND ( `name` IN ('DituBaidu','DituBaiduDaohang') )  [ RunTime:0.000000s ]
SQL: SELECT `id`,`name` FROM `thinkphp_addons` WHERE ( `status` = 1 ) AND ( `name` IN ('OpenloginQQ') )  [ RunTime:0.000000s ]
INFO: Run Common\Behavior\InitHookBehavior [ RunTime:1.042060s ]
INFO: [ app_init ] --END-- [ RunTime:1.042060s ]

[ 2015-08-21T15:30:53+08:00 ] 127.0.0.1 /Public/images/wechat/bar.jpg
INFO: [ app_init ] --START--
INFO: Run Behavior\BuildLiteBehavior [ RunTime:0.000000s ]
NOTIC: [8192] mysql_connect(): The mysql extension is deprecated and will be removed in the future: use mysqli or PDO instead H:\website\cx_dh\ThinkPHP\Library\Think\Db\Driver\Mysql.class.php 第 52 行.
SQL: SHOW COLUMNS FROM `thinkphp_hooks` [ RunTime:0.002000s ]
SQL: SELECT `name`,`addons` FROM `thinkphp_hooks`  [ RunTime:0.000000s ]
SQL: SHOW COLUMNS FROM `thinkphp_addons` [ RunTime:0.003000s ]
SQL: SELECT `id`,`name` FROM `thinkphp_addons` WHERE ( `status` = 1 ) AND ( `name` IN ('ShareBaidu','ShareBshare') )  [ RunTime:0.000000s ]
SQL: SELECT `id`,`name` FROM `thinkphp_addons` WHERE ( `status` = 1 ) AND ( `name` IN ('DiscussUyan','DiscussDuoshuo') )  [ RunTime:0.000000s ]
SQL: SELECT `id`,`name` FROM `thinkphp_addons` WHERE ( `status` = 1 ) AND ( `name` IN ('TongjiBaidu') )  [ RunTime:0.000000s ]
SQL: SELECT `id`,`name` FROM `thinkphp_addons` WHERE ( `status` = 1 ) AND ( `name` IN ('WeatherTsff','WeatherTqw') )  [ RunTime:0.000000s ]
SQL: SELECT `id`,`name` FROM `thinkphp_addons` WHERE ( `status` = 1 ) AND ( `name` IN ('WechatJSDK') )  [ RunTime:0.000000s ]
SQL: SELECT `id`,`name` FROM `thinkphp_addons` WHERE ( `status` = 1 ) AND ( `name` IN ('DituBaidu','DituBaiduDaohang') )  [ RunTime:0.000000s ]
SQL: SELECT `id`,`name` FROM `thinkphp_addons` WHERE ( `status` = 1 ) AND ( `name` IN ('OpenloginQQ') )  [ RunTime:0.000000s ]
INFO: Run Common\Behavior\InitHookBehavior [ RunTime:1.024059s ]
INFO: [ app_init ] --END-- [ RunTime:1.024059s ]

[ 2015-08-21T15:47:42+08:00 ] 127.0.0.1 /images/barbg.jpg
INFO: [ app_init ] --START--
INFO: Run Behavior\BuildLiteBehavior [ RunTime:0.000000s ]
NOTIC: [8192] mysql_connect(): The mysql extension is deprecated and will be removed in the future: use mysqli or PDO instead H:\website\cx_dh\ThinkPHP\Library\Think\Db\Driver\Mysql.class.php 第 52 行.
SQL: SHOW COLUMNS FROM `thinkphp_hooks` [ RunTime:0.006001s ]
SQL: SELECT `name`,`addons` FROM `thinkphp_hooks`  [ RunTime:0.001000s ]
SQL: SHOW COLUMNS FROM `thinkphp_addons` [ RunTime:0.007000s ]
SQL: SELECT `id`,`name` FROM `thinkphp_addons` WHERE ( `status` = 1 ) AND ( `name` IN ('ShareBaidu','ShareBshare') )  [ RunTime:0.000000s ]
SQL: SELECT `id`,`name` FROM `thinkphp_addons` WHERE ( `status` = 1 ) AND ( `name` IN ('DiscussUyan','DiscussDuoshuo') )  [ RunTime:0.000000s ]
SQL: SELECT `id`,`name` FROM `thinkphp_addons` WHERE ( `status` = 1 ) AND ( `name` IN ('TongjiBaidu') )  [ RunTime:0.000000s ]
SQL: SELECT `id`,`name` FROM `thinkphp_addons` WHERE ( `status` = 1 ) AND ( `name` IN ('WeatherTsff','WeatherTqw') )  [ RunTime:0.001000s ]
SQL: SELECT `id`,`name` FROM `thinkphp_addons` WHERE ( `status` = 1 ) AND ( `name` IN ('WechatJSDK') )  [ RunTime:0.000000s ]
SQL: SELECT `id`,`name` FROM `thinkphp_addons` WHERE ( `status` = 1 ) AND ( `name` IN ('DituBaidu','DituBaiduDaohang') )  [ RunTime:0.000000s ]
SQL: SELECT `id`,`name` FROM `thinkphp_addons` WHERE ( `status` = 1 ) AND ( `name` IN ('OpenloginQQ') )  [ RunTime:0.000000s ]
INFO: Run Common\Behavior\InitHookBehavior [ RunTime:1.064061s ]
INFO: [ app_init ] --END-- [ RunTime:1.064061s ]

[ 2015-08-21T15:48:18+08:00 ] 127.0.0.1 /images/barbg.jpg
INFO: [ app_init ] --START--
INFO: Run Behavior\BuildLiteBehavior [ RunTime:0.000000s ]
NOTIC: [8192] mysql_connect(): The mysql extension is deprecated and will be removed in the future: use mysqli or PDO instead H:\website\cx_dh\ThinkPHP\Library\Think\Db\Driver\Mysql.class.php 第 52 行.
SQL: SHOW COLUMNS FROM `thinkphp_hooks` [ RunTime:0.010001s ]
SQL: SELECT `name`,`addons` FROM `thinkphp_hooks`  [ RunTime:0.000000s ]
SQL: SHOW COLUMNS FROM `thinkphp_addons` [ RunTime:0.011000s ]
SQL: SELECT `id`,`name` FROM `thinkphp_addons` WHERE ( `status` = 1 ) AND ( `name` IN ('ShareBaidu','ShareBshare') )  [ RunTime:0.000000s ]
SQL: SELECT `id`,`name` FROM `thinkphp_addons` WHERE ( `status` = 1 ) AND ( `name` IN ('DiscussUyan','DiscussDuoshuo') )  [ RunTime:0.000000s ]
SQL: SELECT `id`,`name` FROM `thinkphp_addons` WHERE ( `status` = 1 ) AND ( `name` IN ('TongjiBaidu') )  [ RunTime:0.000000s ]
SQL: SELECT `id`,`name` FROM `thinkphp_addons` WHERE ( `status` = 1 ) AND ( `name` IN ('WeatherTsff','WeatherTqw') )  [ RunTime:0.000000s ]
SQL: SELECT `id`,`name` FROM `thinkphp_addons` WHERE ( `status` = 1 ) AND ( `name` IN ('WechatJSDK') )  [ RunTime:0.000000s ]
SQL: SELECT `id`,`name` FROM `thinkphp_addons` WHERE ( `status` = 1 ) AND ( `name` IN ('DituBaidu','DituBaiduDaohang') )  [ RunTime:0.000000s ]
SQL: SELECT `id`,`name` FROM `thinkphp_addons` WHERE ( `status` = 1 ) AND ( `name` IN ('OpenloginQQ') )  [ RunTime:0.001000s ]
INFO: Run Common\Behavior\InitHookBehavior [ RunTime:1.050060s ]
INFO: [ app_init ] --END-- [ RunTime:1.050060s ]

[ 2015-08-21T15:48:36+08:00 ] 127.0.0.1 /Public/images/barbg.jpg
INFO: [ app_init ] --START--
INFO: Run Behavior\BuildLiteBehavior [ RunTime:0.000000s ]
NOTIC: [8192] mysql_connect(): The mysql extension is deprecated and will be removed in the future: use mysqli or PDO instead H:\website\cx_dh\ThinkPHP\Library\Think\Db\Driver\Mysql.class.php 第 52 行.
SQL: SHOW COLUMNS FROM `thinkphp_hooks` [ RunTime:0.004001s ]
SQL: SELECT `name`,`addons` FROM `thinkphp_hooks`  [ RunTime:0.000000s ]
SQL: SHOW COLUMNS FROM `thinkphp_addons` [ RunTime:0.004000s ]
SQL: SELECT `id`,`name` FROM `thinkphp_addons` WHERE ( `status` = 1 ) AND ( `name` IN ('ShareBaidu','ShareBshare') )  [ RunTime:0.000000s ]
SQL: SELECT `id`,`name` FROM `thinkphp_addons` WHERE ( `status` = 1 ) AND ( `name` IN ('DiscussUyan','DiscussDuoshuo') )  [ RunTime:0.001000s ]
SQL: SELECT `id`,`name` FROM `thinkphp_addons` WHERE ( `status` = 1 ) AND ( `name` IN ('TongjiBaidu') )  [ RunTime:0.000000s ]
SQL: SELECT `id`,`name` FROM `thinkphp_addons` WHERE ( `status` = 1 ) AND ( `name` IN ('WeatherTsff','WeatherTqw') )  [ RunTime:0.000000s ]
SQL: SELECT `id`,`name` FROM `thinkphp_addons` WHERE ( `status` = 1 ) AND ( `name` IN ('WechatJSDK') )  [ RunTime:0.000000s ]
SQL: SELECT `id`,`name` FROM `thinkphp_addons` WHERE ( `status` = 1 ) AND ( `name` IN ('DituBaidu','DituBaiduDaohang') )  [ RunTime:0.000000s ]
SQL: SELECT `id`,`name` FROM `thinkphp_addons` WHERE ( `status` = 1 ) AND ( `name` IN ('OpenloginQQ') )  [ RunTime:0.000000s ]
INFO: Run Common\Behavior\InitHookBehavior [ RunTime:1.040059s ]
INFO: [ app_init ] --END-- [ RunTime:1.041059s ]

[ 2015-08-21T15:52:26+08:00 ] 127.0.0.1 /Wechat/News/Index/cid/images/t1.jpg
INFO: [ app_init ] --START--
INFO: Run Behavior\BuildLiteBehavior [ RunTime:0.000000s ]
NOTIC: [8192] mysql_connect(): The mysql extension is deprecated and will be removed in the future: use mysqli or PDO instead H:\website\cx_dh\ThinkPHP\Library\Think\Db\Driver\Mysql.class.php 第 52 行.
SQL: SHOW COLUMNS FROM `thinkphp_hooks` [ RunTime:0.005000s ]
SQL: SELECT `name`,`addons` FROM `thinkphp_hooks`  [ RunTime:0.000000s ]
SQL: SHOW COLUMNS FROM `thinkphp_addons` [ RunTime:0.006000s ]
SQL: SELECT `id`,`name` FROM `thinkphp_addons` WHERE ( `status` = 1 ) AND ( `name` IN ('ShareBaidu','ShareBshare') )  [ RunTime:0.000000s ]
SQL: SELECT `id`,`name` FROM `thinkphp_addons` WHERE ( `status` = 1 ) AND ( `name` IN ('DiscussUyan','DiscussDuoshuo') )  [ RunTime:0.000000s ]
SQL: SELECT `id`,`name` FROM `thinkphp_addons` WHERE ( `status` = 1 ) AND ( `name` IN ('TongjiBaidu') )  [ RunTime:0.000000s ]
SQL: SELECT `id`,`name` FROM `thinkphp_addons` WHERE ( `status` = 1 ) AND ( `name` IN ('WeatherTsff','WeatherTqw') )  [ RunTime:0.000000s ]
SQL: SELECT `id`,`name` FROM `thinkphp_addons` WHERE ( `status` = 1 ) AND ( `name` IN ('WechatJSDK') )  [ RunTime:0.000000s ]
SQL: SELECT `id`,`name` FROM `thinkphp_addons` WHERE ( `status` = 1 ) AND ( `name` IN ('DituBaidu','DituBaiduDaohang') )  [ RunTime:0.000000s ]
SQL: SELECT `id`,`name` FROM `thinkphp_addons` WHERE ( `status` = 1 ) AND ( `name` IN ('OpenloginQQ') )  [ RunTime:0.000000s ]
INFO: Run Common\Behavior\InitHookBehavior [ RunTime:1.038060s ]
INFO: [ app_init ] --END-- [ RunTime:1.038060s ]

[ 2015-08-21T16:04:32+08:00 ] 127.0.0.1 /Public/images/wechat/bar.jpg
INFO: [ app_init ] --START--
INFO: Run Behavior\BuildLiteBehavior [ RunTime:0.000000s ]
NOTIC: [8192] mysql_connect(): The mysql extension is deprecated and will be removed in the future: use mysqli or PDO instead H:\website\cx_dh\ThinkPHP\Library\Think\Db\Driver\Mysql.class.php 第 52 行.
SQL: SHOW COLUMNS FROM `thinkphp_hooks` [ RunTime:0.004000s ]
SQL: SELECT `name`,`addons` FROM `thinkphp_hooks`  [ RunTime:0.000000s ]
SQL: SHOW COLUMNS FROM `thinkphp_addons` [ RunTime:0.004000s ]
SQL: SELECT `id`,`name` FROM `thinkphp_addons` WHERE ( `status` = 1 ) AND ( `name` IN ('ShareBaidu','ShareBshare') )  [ RunTime:0.000000s ]
SQL: SELECT `id`,`name` FROM `thinkphp_addons` WHERE ( `status` = 1 ) AND ( `name` IN ('DiscussUyan','DiscussDuoshuo') )  [ RunTime:0.000000s ]
SQL: SELECT `id`,`name` FROM `thinkphp_addons` WHERE ( `status` = 1 ) AND ( `name` IN ('TongjiBaidu') )  [ RunTime:0.000000s ]
SQL: SELECT `id`,`name` FROM `thinkphp_addons` WHERE ( `status` = 1 ) AND ( `name` IN ('WeatherTsff','WeatherTqw') )  [ RunTime:0.000000s ]
SQL: SELECT `id`,`name` FROM `thinkphp_addons` WHERE ( `status` = 1 ) AND ( `name` IN ('WechatJSDK') )  [ RunTime:0.000000s ]
SQL: SELECT `id`,`name` FROM `thinkphp_addons` WHERE ( `status` = 1 ) AND ( `name` IN ('DituBaidu','DituBaiduDaohang') )  [ RunTime:0.001000s ]
SQL: SELECT `id`,`name` FROM `thinkphp_addons` WHERE ( `status` = 1 ) AND ( `name` IN ('OpenloginQQ') )  [ RunTime:0.000000s ]
INFO: Run Common\Behavior\InitHookBehavior [ RunTime:1.036059s ]
INFO: [ app_init ] --END-- [ RunTime:1.036059s ]

