[ 2015-09-17T15:00:59+08:00 ] 127.0.0.1 /Public/images/wechat/login_top.jpg
INFO: [ app_init ] --START--
INFO: Run Behavior\BuildLiteBehavior [ RunTime:0.000000s ]
NOTIC: [8192] mysql_connect(): The mysql extension is deprecated and will be removed in the future: use mysqli or PDO instead H:\website\cx_dysjj\ThinkPHP\Library\Think\Db\Driver\Mysql.class.php 第 52 行.
SQL: SHOW COLUMNS FROM `thinkphp_hooks` [ RunTime:0.005000s ]
SQL: SELECT `name`,`addons` FROM `thinkphp_hooks`  [ RunTime:0.000000s ]
SQL: SHOW COLUMNS FROM `thinkphp_addons` [ RunTime:0.008001s ]
SQL: SELECT `id`,`name` FROM `thinkphp_addons` WHERE ( `status` = 1 ) AND ( `name` IN ('ShareBaidu','ShareBshare') )  [ RunTime:0.000000s ]
SQL: SELECT `id`,`name` FROM `thinkphp_addons` WHERE ( `status` = 1 ) AND ( `name` IN ('DiscussUyan','DiscussDuoshuo') )  [ RunTime:0.000000s ]
SQL: SELECT `id`,`name` FROM `thinkphp_addons` WHERE ( `status` = 1 ) AND ( `name` IN ('TongjiBaidu') )  [ RunTime:0.000000s ]
SQL: SELECT `id`,`name` FROM `thinkphp_addons` WHERE ( `status` = 1 ) AND ( `name` IN ('WeatherTsff','WeatherTqw') )  [ RunTime:0.000000s ]
SQL: SELECT `id`,`name` FROM `thinkphp_addons` WHERE ( `status` = 1 ) AND ( `name` IN ('WechatJSDK') )  [ RunTime:0.000000s ]
SQL: SELECT `id`,`name` FROM `thinkphp_addons` WHERE ( `status` = 1 ) AND ( `name` IN ('DituBaidu','DituBaiduDaohang') )  [ RunTime:0.000000s ]
SQL: SELECT `id`,`name` FROM `thinkphp_addons` WHERE ( `status` = 1 ) AND ( `name` IN ('OpenloginQQ') )  [ RunTime:0.000000s ]
INFO: Run Common\Behavior\InitHookBehavior [ RunTime:1.038060s ]
INFO: [ app_init ] --END-- [ RunTime:1.038060s ]

[ 2015-09-17T15:06:13+08:00 ] 127.0.0.1 /Public/images/wechat/reg_top.jpg
INFO: [ app_init ] --START--
INFO: Run Behavior\BuildLiteBehavior [ RunTime:0.000000s ]
NOTIC: [8192] mysql_connect(): The mysql extension is deprecated and will be removed in the future: use mysqli or PDO instead H:\website\cx_dysjj\ThinkPHP\Library\Think\Db\Driver\Mysql.class.php 第 52 行.
SQL: SHOW COLUMNS FROM `thinkphp_hooks` [ RunTime:0.003000s ]
SQL: SELECT `name`,`addons` FROM `thinkphp_hooks`  [ RunTime:0.000000s ]
SQL: SHOW COLUMNS FROM `thinkphp_addons` [ RunTime:0.003000s ]
SQL: SELECT `id`,`name` FROM `thinkphp_addons` WHERE ( `status` = 1 ) AND ( `name` IN ('ShareBaidu','ShareBshare') )  [ RunTime:0.000000s ]
SQL: SELECT `id`,`name` FROM `thinkphp_addons` WHERE ( `status` = 1 ) AND ( `name` IN ('DiscussUyan','DiscussDuoshuo') )  [ RunTime:0.000000s ]
SQL: SELECT `id`,`name` FROM `thinkphp_addons` WHERE ( `status` = 1 ) AND ( `name` IN ('TongjiBaidu') )  [ RunTime:0.000000s ]
SQL: SELECT `id`,`name` FROM `thinkphp_addons` WHERE ( `status` = 1 ) AND ( `name` IN ('WeatherTsff','WeatherTqw') )  [ RunTime:0.000000s ]
SQL: SELECT `id`,`name` FROM `thinkphp_addons` WHERE ( `status` = 1 ) AND ( `name` IN ('WechatJSDK') )  [ RunTime:0.000000s ]
SQL: SELECT `id`,`name` FROM `thinkphp_addons` WHERE ( `status` = 1 ) AND ( `name` IN ('DituBaidu','DituBaiduDaohang') )  [ RunTime:0.000000s ]
SQL: SELECT `id`,`name` FROM `thinkphp_addons` WHERE ( `status` = 1 ) AND ( `name` IN ('OpenloginQQ') )  [ RunTime:0.000000s ]
INFO: Run Common\Behavior\InitHookBehavior [ RunTime:1.015058s ]
INFO: [ app_init ] --END-- [ RunTime:1.015058s ]

[ 2015-09-17T15:25:52+08:00 ] 127.0.0.1 /Public/images/default/usercenter.jpg
INFO: [ app_init ] --START--
INFO: Run Behavior\BuildLiteBehavior [ RunTime:0.000000s ]
NOTIC: [8192] mysql_connect(): The mysql extension is deprecated and will be removed in the future: use mysqli or PDO instead H:\website\cx_dysjj\ThinkPHP\Library\Think\Db\Driver\Mysql.class.php 第 52 行.
SQL: SHOW COLUMNS FROM `thinkphp_hooks` [ RunTime:0.006000s ]
SQL: SELECT `name`,`addons` FROM `thinkphp_hooks`  [ RunTime:0.000000s ]
SQL: SHOW COLUMNS FROM `thinkphp_addons` [ RunTime:0.006001s ]
SQL: SELECT `id`,`name` FROM `thinkphp_addons` WHERE ( `status` = 1 ) AND ( `name` IN ('ShareBaidu','ShareBshare') )  [ RunTime:0.000000s ]
SQL: SELECT `id`,`name` FROM `thinkphp_addons` WHERE ( `status` = 1 ) AND ( `name` IN ('DiscussUyan','DiscussDuoshuo') )  [ RunTime:0.001000s ]
SQL: SELECT `id`,`name` FROM `thinkphp_addons` WHERE ( `status` = 1 ) AND ( `name` IN ('TongjiBaidu') )  [ RunTime:0.000000s ]
SQL: SELECT `id`,`name` FROM `thinkphp_addons` WHERE ( `status` = 1 ) AND ( `name` IN ('WeatherTsff','WeatherTqw') )  [ RunTime:0.000000s ]
SQL: SELECT `id`,`name` FROM `thinkphp_addons` WHERE ( `status` = 1 ) AND ( `name` IN ('WechatJSDK') )  [ RunTime:0.000000s ]
SQL: SELECT `id`,`name` FROM `thinkphp_addons` WHERE ( `status` = 1 ) AND ( `name` IN ('DituBaidu','DituBaiduDaohang') )  [ RunTime:0.000000s ]
SQL: SELECT `id`,`name` FROM `thinkphp_addons` WHERE ( `status` = 1 ) AND ( `name` IN ('OpenloginQQ') )  [ RunTime:0.000000s ]
INFO: Run Common\Behavior\InitHookBehavior [ RunTime:1.027059s ]
INFO: [ app_init ] --END-- [ RunTime:1.027059s ]

[ 2015-09-17T15:25:52+08:00 ] 127.0.0.1 /Public/images/default/tip2.jpg
INFO: [ app_init ] --START--
INFO: Run Behavior\BuildLiteBehavior [ RunTime:0.000000s ]
NOTIC: [8192] mysql_connect(): The mysql extension is deprecated and will be removed in the future: use mysqli or PDO instead H:\website\cx_dysjj\ThinkPHP\Library\Think\Db\Driver\Mysql.class.php 第 52 行.
SQL: SHOW COLUMNS FROM `thinkphp_hooks` [ RunTime:0.006001s ]
SQL: SELECT `name`,`addons` FROM `thinkphp_hooks`  [ RunTime:0.000000s ]
SQL: SHOW COLUMNS FROM `thinkphp_addons` [ RunTime:0.005000s ]
SQL: SELECT `id`,`name` FROM `thinkphp_addons` WHERE ( `status` = 1 ) AND ( `name` IN ('ShareBaidu','ShareBshare') )  [ RunTime:0.001000s ]
SQL: SELECT `id`,`name` FROM `thinkphp_addons` WHERE ( `status` = 1 ) AND ( `name` IN ('DiscussUyan','DiscussDuoshuo') )  [ RunTime:0.000000s ]
SQL: SELECT `id`,`name` FROM `thinkphp_addons` WHERE ( `status` = 1 ) AND ( `name` IN ('TongjiBaidu') )  [ RunTime:0.000000s ]
SQL: SELECT `id`,`name` FROM `thinkphp_addons` WHERE ( `status` = 1 ) AND ( `name` IN ('WeatherTsff','WeatherTqw') )  [ RunTime:0.000000s ]
SQL: SELECT `id`,`name` FROM `thinkphp_addons` WHERE ( `status` = 1 ) AND ( `name` IN ('WechatJSDK') )  [ RunTime:0.000000s ]
SQL: SELECT `id`,`name` FROM `thinkphp_addons` WHERE ( `status` = 1 ) AND ( `name` IN ('DituBaidu','DituBaiduDaohang') )  [ RunTime:0.000000s ]
SQL: SELECT `id`,`name` FROM `thinkphp_addons` WHERE ( `status` = 1 ) AND ( `name` IN ('OpenloginQQ') )  [ RunTime:0.000000s ]
INFO: Run Common\Behavior\InitHookBehavior [ RunTime:1.030059s ]
INFO: [ app_init ] --END-- [ RunTime:1.030059s ]

