[ 2015-10-30T14:17:24+08:00 ] 127.0.0.1 /Public/images/default/mzl.png
INFO: [ app_init ] --START--
INFO: Run Behavior\BuildLiteBehavior [ RunTime:0.000000s ]
NOTIC: [8192] mysql_connect(): The mysql extension is deprecated and will be removed in the future: use mysqli or PDO instead H:\website\cx_dysjj\ThinkPHP\Library\Think\Db\Driver\Mysql.class.php 第 52 行.
SQL: SHOW COLUMNS FROM `thinkphp_hooks` [ RunTime:0.007000s ]
SQL: SELECT `name`,`addons` FROM `thinkphp_hooks`  [ RunTime:0.000000s ]
SQL: SHOW COLUMNS FROM `thinkphp_addons` [ RunTime:0.007001s ]
SQL: SELECT `id`,`name` FROM `thinkphp_addons` WHERE ( `status` = 1 ) AND ( `name` IN ('ShareBaidu','ShareBshare') )  [ RunTime:0.000000s ]
SQL: SELECT `id`,`name` FROM `thinkphp_addons` WHERE ( `status` = 1 ) AND ( `name` IN ('DiscussUyan','DiscussDuoshuo') )  [ RunTime:0.001000s ]
SQL: SELECT `id`,`name` FROM `thinkphp_addons` WHERE ( `status` = 1 ) AND ( `name` IN ('TongjiBaidu') )  [ RunTime:0.001000s ]
SQL: SELECT `id`,`name` FROM `thinkphp_addons` WHERE ( `status` = 1 ) AND ( `name` IN ('WeatherTsff','WeatherTqw') )  [ RunTime:0.000000s ]
SQL: SELECT `id`,`name` FROM `thinkphp_addons` WHERE ( `status` = 1 ) AND ( `name` IN ('WechatJSDK') )  [ RunTime:0.000000s ]
SQL: SELECT `id`,`name` FROM `thinkphp_addons` WHERE ( `status` = 1 ) AND ( `name` IN ('DituBaidu','DituBaiduDaohang') )  [ RunTime:0.000000s ]
SQL: SELECT `id`,`name` FROM `thinkphp_addons` WHERE ( `status` = 1 ) AND ( `name` IN ('OpenloginQQ') )  [ RunTime:0.000000s ]
INFO: Run Common\Behavior\InitHookBehavior [ RunTime:1.028059s ]
INFO: [ app_init ] --END-- [ RunTime:1.028059s ]

[ 2015-10-30T14:17:24+08:00 ] 127.0.0.1 /Public/images/default/bannerbg.jpg
INFO: [ app_init ] --START--
INFO: Run Behavior\BuildLiteBehavior [ RunTime:0.000000s ]
NOTIC: [8192] mysql_connect(): The mysql extension is deprecated and will be removed in the future: use mysqli or PDO instead H:\website\cx_dysjj\ThinkPHP\Library\Think\Db\Driver\Mysql.class.php 第 52 行.
SQL: SHOW COLUMNS FROM `thinkphp_hooks` [ RunTime:0.010000s ]
SQL: SELECT `name`,`addons` FROM `thinkphp_hooks`  [ RunTime:0.000000s ]
SQL: SHOW COLUMNS FROM `thinkphp_addons` [ RunTime:0.006001s ]
SQL: SELECT `id`,`name` FROM `thinkphp_addons` WHERE ( `status` = 1 ) AND ( `name` IN ('ShareBaidu','ShareBshare') )  [ RunTime:0.000000s ]
SQL: SELECT `id`,`name` FROM `thinkphp_addons` WHERE ( `status` = 1 ) AND ( `name` IN ('DiscussUyan','DiscussDuoshuo') )  [ RunTime:0.000000s ]
SQL: SELECT `id`,`name` FROM `thinkphp_addons` WHERE ( `status` = 1 ) AND ( `name` IN ('TongjiBaidu') )  [ RunTime:0.000000s ]
SQL: SELECT `id`,`name` FROM `thinkphp_addons` WHERE ( `status` = 1 ) AND ( `name` IN ('WeatherTsff','WeatherTqw') )  [ RunTime:0.000000s ]
SQL: SELECT `id`,`name` FROM `thinkphp_addons` WHERE ( `status` = 1 ) AND ( `name` IN ('WechatJSDK') )  [ RunTime:0.000000s ]
SQL: SELECT `id`,`name` FROM `thinkphp_addons` WHERE ( `status` = 1 ) AND ( `name` IN ('DituBaidu','DituBaiduDaohang') )  [ RunTime:0.000000s ]
SQL: SELECT `id`,`name` FROM `thinkphp_addons` WHERE ( `status` = 1 ) AND ( `name` IN ('OpenloginQQ') )  [ RunTime:0.001000s ]
INFO: Run Common\Behavior\InitHookBehavior [ RunTime:1.043059s ]
INFO: [ app_init ] --END-- [ RunTime:1.043059s ]

[ 2015-10-30T14:17:45+08:00 ] 127.0.0.1 /Public/images/default/mzl.png
INFO: [ app_init ] --START--
INFO: Run Behavior\BuildLiteBehavior [ RunTime:0.000000s ]
NOTIC: [8192] mysql_connect(): The mysql extension is deprecated and will be removed in the future: use mysqli or PDO instead H:\website\cx_dysjj\ThinkPHP\Library\Think\Db\Driver\Mysql.class.php 第 52 行.
SQL: SHOW COLUMNS FROM `thinkphp_hooks` [ RunTime:0.008000s ]
SQL: SELECT `name`,`addons` FROM `thinkphp_hooks`  [ RunTime:0.001000s ]
SQL: SHOW COLUMNS FROM `thinkphp_addons` [ RunTime:0.007000s ]
SQL: SELECT `id`,`name` FROM `thinkphp_addons` WHERE ( `status` = 1 ) AND ( `name` IN ('ShareBaidu','ShareBshare') )  [ RunTime:0.000000s ]
SQL: SELECT `id`,`name` FROM `thinkphp_addons` WHERE ( `status` = 1 ) AND ( `name` IN ('DiscussUyan','DiscussDuoshuo') )  [ RunTime:0.000000s ]
SQL: SELECT `id`,`name` FROM `thinkphp_addons` WHERE ( `status` = 1 ) AND ( `name` IN ('TongjiBaidu') )  [ RunTime:0.000000s ]
SQL: SELECT `id`,`name` FROM `thinkphp_addons` WHERE ( `status` = 1 ) AND ( `name` IN ('WeatherTsff','WeatherTqw') )  [ RunTime:0.000000s ]
SQL: SELECT `id`,`name` FROM `thinkphp_addons` WHERE ( `status` = 1 ) AND ( `name` IN ('WechatJSDK') )  [ RunTime:0.000000s ]
SQL: SELECT `id`,`name` FROM `thinkphp_addons` WHERE ( `status` = 1 ) AND ( `name` IN ('DituBaidu','DituBaiduDaohang') )  [ RunTime:0.001000s ]
SQL: SELECT `id`,`name` FROM `thinkphp_addons` WHERE ( `status` = 1 ) AND ( `name` IN ('OpenloginQQ') )  [ RunTime:0.000000s ]
INFO: Run Common\Behavior\InitHookBehavior [ RunTime:1.026059s ]
INFO: [ app_init ] --END-- [ RunTime:1.026059s ]

[ 2015-10-30T14:17:45+08:00 ] 127.0.0.1 /Public/images/default/bannerbg.jpg
INFO: [ app_init ] --START--
INFO: Run Behavior\BuildLiteBehavior [ RunTime:0.000000s ]
NOTIC: [8192] mysql_connect(): The mysql extension is deprecated and will be removed in the future: use mysqli or PDO instead H:\website\cx_dysjj\ThinkPHP\Library\Think\Db\Driver\Mysql.class.php 第 52 行.
SQL: SHOW COLUMNS FROM `thinkphp_hooks` [ RunTime:0.010000s ]
SQL: SELECT `name`,`addons` FROM `thinkphp_hooks`  [ RunTime:0.000000s ]
SQL: SHOW COLUMNS FROM `thinkphp_addons` [ RunTime:0.004001s ]
SQL: SELECT `id`,`name` FROM `thinkphp_addons` WHERE ( `status` = 1 ) AND ( `name` IN ('ShareBaidu','ShareBshare') )  [ RunTime:0.000000s ]
SQL: SELECT `id`,`name` FROM `thinkphp_addons` WHERE ( `status` = 1 ) AND ( `name` IN ('DiscussUyan','DiscussDuoshuo') )  [ RunTime:0.000000s ]
SQL: SELECT `id`,`name` FROM `thinkphp_addons` WHERE ( `status` = 1 ) AND ( `name` IN ('TongjiBaidu') )  [ RunTime:0.000000s ]
SQL: SELECT `id`,`name` FROM `thinkphp_addons` WHERE ( `status` = 1 ) AND ( `name` IN ('WeatherTsff','WeatherTqw') )  [ RunTime:0.000000s ]
SQL: SELECT `id`,`name` FROM `thinkphp_addons` WHERE ( `status` = 1 ) AND ( `name` IN ('WechatJSDK') )  [ RunTime:0.000000s ]
SQL: SELECT `id`,`name` FROM `thinkphp_addons` WHERE ( `status` = 1 ) AND ( `name` IN ('DituBaidu','DituBaiduDaohang') )  [ RunTime:0.000000s ]
SQL: SELECT `id`,`name` FROM `thinkphp_addons` WHERE ( `status` = 1 ) AND ( `name` IN ('OpenloginQQ') )  [ RunTime:0.000000s ]
INFO: Run Common\Behavior\InitHookBehavior [ RunTime:1.031059s ]
INFO: [ app_init ] --END-- [ RunTime:1.031059s ]

[ 2015-10-30T14:17:46+08:00 ] 127.0.0.1 /Public/images/default/right.png
INFO: [ app_init ] --START--
INFO: Run Behavior\BuildLiteBehavior [ RunTime:0.000000s ]
NOTIC: [8192] mysql_connect(): The mysql extension is deprecated and will be removed in the future: use mysqli or PDO instead H:\website\cx_dysjj\ThinkPHP\Library\Think\Db\Driver\Mysql.class.php 第 52 行.
SQL: SHOW COLUMNS FROM `thinkphp_hooks` [ RunTime:0.003000s ]
SQL: SELECT `name`,`addons` FROM `thinkphp_hooks`  [ RunTime:0.000000s ]
SQL: SHOW COLUMNS FROM `thinkphp_addons` [ RunTime:0.006000s ]
SQL: SELECT `id`,`name` FROM `thinkphp_addons` WHERE ( `status` = 1 ) AND ( `name` IN ('ShareBaidu','ShareBshare') )  [ RunTime:0.000000s ]
SQL: SELECT `id`,`name` FROM `thinkphp_addons` WHERE ( `status` = 1 ) AND ( `name` IN ('DiscussUyan','DiscussDuoshuo') )  [ RunTime:0.000000s ]
SQL: SELECT `id`,`name` FROM `thinkphp_addons` WHERE ( `status` = 1 ) AND ( `name` IN ('TongjiBaidu') )  [ RunTime:0.000000s ]
SQL: SELECT `id`,`name` FROM `thinkphp_addons` WHERE ( `status` = 1 ) AND ( `name` IN ('WeatherTsff','WeatherTqw') )  [ RunTime:0.000000s ]
SQL: SELECT `id`,`name` FROM `thinkphp_addons` WHERE ( `status` = 1 ) AND ( `name` IN ('WechatJSDK') )  [ RunTime:0.001000s ]
SQL: SELECT `id`,`name` FROM `thinkphp_addons` WHERE ( `status` = 1 ) AND ( `name` IN ('DituBaidu','DituBaiduDaohang') )  [ RunTime:0.000000s ]
SQL: SELECT `id`,`name` FROM `thinkphp_addons` WHERE ( `status` = 1 ) AND ( `name` IN ('OpenloginQQ') )  [ RunTime:0.000000s ]
INFO: Run Common\Behavior\InitHookBehavior [ RunTime:1.037059s ]
INFO: [ app_init ] --END-- [ RunTime:1.037059s ]

[ 2015-10-30T14:36:04+08:00 ] 127.0.0.1 /js/public-modules/timelinr/biggerdot.png
INFO: [ app_init ] --START--
INFO: Run Behavior\BuildLiteBehavior [ RunTime:0.000000s ]
NOTIC: [8192] mysql_connect(): The mysql extension is deprecated and will be removed in the future: use mysqli or PDO instead H:\website\cx_dysjj\ThinkPHP\Library\Think\Db\Driver\Mysql.class.php 第 52 行.
SQL: SHOW COLUMNS FROM `thinkphp_hooks` [ RunTime:0.008001s ]
SQL: SELECT `name`,`addons` FROM `thinkphp_hooks`  [ RunTime:0.001000s ]
SQL: SHOW COLUMNS FROM `thinkphp_addons` [ RunTime:0.010001s ]
SQL: SELECT `id`,`name` FROM `thinkphp_addons` WHERE ( `status` = 1 ) AND ( `name` IN ('ShareBaidu','ShareBshare') )  [ RunTime:0.000000s ]
SQL: SELECT `id`,`name` FROM `thinkphp_addons` WHERE ( `status` = 1 ) AND ( `name` IN ('DiscussUyan','DiscussDuoshuo') )  [ RunTime:0.000000s ]
SQL: SELECT `id`,`name` FROM `thinkphp_addons` WHERE ( `status` = 1 ) AND ( `name` IN ('TongjiBaidu') )  [ RunTime:0.000000s ]
SQL: SELECT `id`,`name` FROM `thinkphp_addons` WHERE ( `status` = 1 ) AND ( `name` IN ('WeatherTsff','WeatherTqw') )  [ RunTime:0.000000s ]
SQL: SELECT `id`,`name` FROM `thinkphp_addons` WHERE ( `status` = 1 ) AND ( `name` IN ('WechatJSDK') )  [ RunTime:0.001000s ]
SQL: SELECT `id`,`name` FROM `thinkphp_addons` WHERE ( `status` = 1 ) AND ( `name` IN ('DituBaidu','DituBaiduDaohang') )  [ RunTime:0.000000s ]
SQL: SELECT `id`,`name` FROM `thinkphp_addons` WHERE ( `status` = 1 ) AND ( `name` IN ('OpenloginQQ') )  [ RunTime:0.000000s ]
INFO: Run Common\Behavior\InitHookBehavior [ RunTime:1.037059s ]
INFO: [ app_init ] --END-- [ RunTime:1.038059s ]

[ 2015-10-30T14:36:47+08:00 ] 127.0.0.1 /js/public-modules/timelinr/biggerdot.png
INFO: [ app_init ] --START--
INFO: Run Behavior\BuildLiteBehavior [ RunTime:0.000000s ]
NOTIC: [8192] mysql_connect(): The mysql extension is deprecated and will be removed in the future: use mysqli or PDO instead H:\website\cx_dysjj\ThinkPHP\Library\Think\Db\Driver\Mysql.class.php 第 52 行.
SQL: SHOW COLUMNS FROM `thinkphp_hooks` [ RunTime:0.008000s ]
SQL: SELECT `name`,`addons` FROM `thinkphp_hooks`  [ RunTime:0.000000s ]
SQL: SHOW COLUMNS FROM `thinkphp_addons` [ RunTime:0.008001s ]
SQL: SELECT `id`,`name` FROM `thinkphp_addons` WHERE ( `status` = 1 ) AND ( `name` IN ('ShareBaidu','ShareBshare') )  [ RunTime:0.000000s ]
SQL: SELECT `id`,`name` FROM `thinkphp_addons` WHERE ( `status` = 1 ) AND ( `name` IN ('DiscussUyan','DiscussDuoshuo') )  [ RunTime:0.001000s ]
SQL: SELECT `id`,`name` FROM `thinkphp_addons` WHERE ( `status` = 1 ) AND ( `name` IN ('TongjiBaidu') )  [ RunTime:0.000000s ]
SQL: SELECT `id`,`name` FROM `thinkphp_addons` WHERE ( `status` = 1 ) AND ( `name` IN ('WeatherTsff','WeatherTqw') )  [ RunTime:0.000000s ]
SQL: SELECT `id`,`name` FROM `thinkphp_addons` WHERE ( `status` = 1 ) AND ( `name` IN ('WechatJSDK') )  [ RunTime:0.000000s ]
SQL: SELECT `id`,`name` FROM `thinkphp_addons` WHERE ( `status` = 1 ) AND ( `name` IN ('DituBaidu','DituBaiduDaohang') )  [ RunTime:0.000000s ]
SQL: SELECT `id`,`name` FROM `thinkphp_addons` WHERE ( `status` = 1 ) AND ( `name` IN ('OpenloginQQ') )  [ RunTime:0.000000s ]
INFO: Run Common\Behavior\InitHookBehavior [ RunTime:1.048060s ]
INFO: [ app_init ] --END-- [ RunTime:1.048060s ]

[ 2015-10-30T14:36:47+08:00 ] 127.0.0.1 /js/public-modules/timelinr/dot.gif
INFO: [ app_init ] --START--
INFO: Run Behavior\BuildLiteBehavior [ RunTime:0.000000s ]
NOTIC: [8192] mysql_connect(): The mysql extension is deprecated and will be removed in the future: use mysqli or PDO instead H:\website\cx_dysjj\ThinkPHP\Library\Think\Db\Driver\Mysql.class.php 第 52 行.
SQL: SHOW COLUMNS FROM `thinkphp_hooks` [ RunTime:0.008000s ]
SQL: SELECT `name`,`addons` FROM `thinkphp_hooks`  [ RunTime:0.000000s ]
SQL: SHOW COLUMNS FROM `thinkphp_addons` [ RunTime:0.009001s ]
SQL: SELECT `id`,`name` FROM `thinkphp_addons` WHERE ( `status` = 1 ) AND ( `name` IN ('ShareBaidu','ShareBshare') )  [ RunTime:0.000000s ]
SQL: SELECT `id`,`name` FROM `thinkphp_addons` WHERE ( `status` = 1 ) AND ( `name` IN ('DiscussUyan','DiscussDuoshuo') )  [ RunTime:0.001000s ]
SQL: SELECT `id`,`name` FROM `thinkphp_addons` WHERE ( `status` = 1 ) AND ( `name` IN ('TongjiBaidu') )  [ RunTime:0.001000s ]
SQL: SELECT `id`,`name` FROM `thinkphp_addons` WHERE ( `status` = 1 ) AND ( `name` IN ('WeatherTsff','WeatherTqw') )  [ RunTime:0.001000s ]
SQL: SELECT `id`,`name` FROM `thinkphp_addons` WHERE ( `status` = 1 ) AND ( `name` IN ('WechatJSDK') )  [ RunTime:0.000000s ]
SQL: SELECT `id`,`name` FROM `thinkphp_addons` WHERE ( `status` = 1 ) AND ( `name` IN ('DituBaidu','DituBaiduDaohang') )  [ RunTime:0.000000s ]
SQL: SELECT `id`,`name` FROM `thinkphp_addons` WHERE ( `status` = 1 ) AND ( `name` IN ('OpenloginQQ') )  [ RunTime:0.000000s ]
INFO: Run Common\Behavior\InitHookBehavior [ RunTime:1.050060s ]
INFO: [ app_init ] --END-- [ RunTime:1.050060s ]

[ 2015-10-30T14:56:38+08:00 ] 127.0.0.1 /Home/Perpage/index/cid/images/banner2.jpg
INFO: [ app_init ] --START--
INFO: Run Behavior\BuildLiteBehavior [ RunTime:0.000000s ]
NOTIC: [8192] mysql_connect(): The mysql extension is deprecated and will be removed in the future: use mysqli or PDO instead H:\website\cx_dysjj\ThinkPHP\Library\Think\Db\Driver\Mysql.class.php 第 52 行.
SQL: SHOW COLUMNS FROM `thinkphp_hooks` [ RunTime:0.014000s ]
SQL: SELECT `name`,`addons` FROM `thinkphp_hooks`  [ RunTime:0.000000s ]
SQL: SHOW COLUMNS FROM `thinkphp_addons` [ RunTime:0.010000s ]
SQL: SELECT `id`,`name` FROM `thinkphp_addons` WHERE ( `status` = 1 ) AND ( `name` IN ('ShareBaidu','ShareBshare') )  [ RunTime:0.000000s ]
SQL: SELECT `id`,`name` FROM `thinkphp_addons` WHERE ( `status` = 1 ) AND ( `name` IN ('DiscussUyan','DiscussDuoshuo') )  [ RunTime:0.001000s ]
SQL: SELECT `id`,`name` FROM `thinkphp_addons` WHERE ( `status` = 1 ) AND ( `name` IN ('TongjiBaidu') )  [ RunTime:0.000000s ]
SQL: SELECT `id`,`name` FROM `thinkphp_addons` WHERE ( `status` = 1 ) AND ( `name` IN ('WeatherTsff','WeatherTqw') )  [ RunTime:0.000000s ]
SQL: SELECT `id`,`name` FROM `thinkphp_addons` WHERE ( `status` = 1 ) AND ( `name` IN ('WechatJSDK') )  [ RunTime:0.000000s ]
SQL: SELECT `id`,`name` FROM `thinkphp_addons` WHERE ( `status` = 1 ) AND ( `name` IN ('DituBaidu','DituBaiduDaohang') )  [ RunTime:0.000000s ]
SQL: SELECT `id`,`name` FROM `thinkphp_addons` WHERE ( `status` = 1 ) AND ( `name` IN ('OpenloginQQ') )  [ RunTime:0.000000s ]
INFO: Run Common\Behavior\InitHookBehavior [ RunTime:1.045060s ]
INFO: [ app_init ] --END-- [ RunTime:1.045060s ]

[ 2015-10-30T14:56:38+08:00 ] 127.0.0.1 /Home/Perpage/index/cid/images/banner3.jpg
INFO: [ app_init ] --START--
INFO: Run Behavior\BuildLiteBehavior [ RunTime:0.000000s ]
NOTIC: [8192] mysql_connect(): The mysql extension is deprecated and will be removed in the future: use mysqli or PDO instead H:\website\cx_dysjj\ThinkPHP\Library\Think\Db\Driver\Mysql.class.php 第 52 行.
SQL: SHOW COLUMNS FROM `thinkphp_hooks` [ RunTime:0.014001s ]
SQL: SELECT `name`,`addons` FROM `thinkphp_hooks`  [ RunTime:0.001000s ]
SQL: SHOW COLUMNS FROM `thinkphp_addons` [ RunTime:0.009000s ]
SQL: SELECT `id`,`name` FROM `thinkphp_addons` WHERE ( `status` = 1 ) AND ( `name` IN ('ShareBaidu','ShareBshare') )  [ RunTime:0.000000s ]
SQL: SELECT `id`,`name` FROM `thinkphp_addons` WHERE ( `status` = 1 ) AND ( `name` IN ('DiscussUyan','DiscussDuoshuo') )  [ RunTime:0.001000s ]
SQL: SELECT `id`,`name` FROM `thinkphp_addons` WHERE ( `status` = 1 ) AND ( `name` IN ('TongjiBaidu') )  [ RunTime:0.000000s ]
SQL: SELECT `id`,`name` FROM `thinkphp_addons` WHERE ( `status` = 1 ) AND ( `name` IN ('WeatherTsff','WeatherTqw') )  [ RunTime:0.000000s ]
SQL: SELECT `id`,`name` FROM `thinkphp_addons` WHERE ( `status` = 1 ) AND ( `name` IN ('WechatJSDK') )  [ RunTime:0.000000s ]
SQL: SELECT `id`,`name` FROM `thinkphp_addons` WHERE ( `status` = 1 ) AND ( `name` IN ('DituBaidu','DituBaiduDaohang') )  [ RunTime:0.000000s ]
SQL: SELECT `id`,`name` FROM `thinkphp_addons` WHERE ( `status` = 1 ) AND ( `name` IN ('OpenloginQQ') )  [ RunTime:0.000000s ]
INFO: Run Common\Behavior\InitHookBehavior [ RunTime:1.048060s ]
INFO: [ app_init ] --END-- [ RunTime:1.048060s ]

[ 2015-10-30T16:23:34+08:00 ] 127.0.0.1 /Home/Product/index/cid/images/class_lt.jpg
INFO: [ app_init ] --START--
INFO: Run Behavior\BuildLiteBehavior [ RunTime:0.000000s ]
NOTIC: [8192] mysql_connect(): The mysql extension is deprecated and will be removed in the future: use mysqli or PDO instead H:\website\cx_dysjj\ThinkPHP\Library\Think\Db\Driver\Mysql.class.php 第 52 行.
SQL: SHOW COLUMNS FROM `thinkphp_hooks` [ RunTime:0.006001s ]
SQL: SELECT `name`,`addons` FROM `thinkphp_hooks`  [ RunTime:0.000000s ]
SQL: SHOW COLUMNS FROM `thinkphp_addons` [ RunTime:0.014000s ]
SQL: SELECT `id`,`name` FROM `thinkphp_addons` WHERE ( `status` = 1 ) AND ( `name` IN ('ShareBaidu','ShareBshare') )  [ RunTime:0.000000s ]
SQL: SELECT `id`,`name` FROM `thinkphp_addons` WHERE ( `status` = 1 ) AND ( `name` IN ('DiscussUyan','DiscussDuoshuo') )  [ RunTime:0.000000s ]
SQL: SELECT `id`,`name` FROM `thinkphp_addons` WHERE ( `status` = 1 ) AND ( `name` IN ('TongjiBaidu') )  [ RunTime:0.000000s ]
SQL: SELECT `id`,`name` FROM `thinkphp_addons` WHERE ( `status` = 1 ) AND ( `name` IN ('WeatherTsff','WeatherTqw') )  [ RunTime:0.001000s ]
SQL: SELECT `id`,`name` FROM `thinkphp_addons` WHERE ( `status` = 1 ) AND ( `name` IN ('WechatJSDK') )  [ RunTime:0.001000s ]
SQL: SELECT `id`,`name` FROM `thinkphp_addons` WHERE ( `status` = 1 ) AND ( `name` IN ('DituBaidu','DituBaiduDaohang') )  [ RunTime:0.000000s ]
SQL: SELECT `id`,`name` FROM `thinkphp_addons` WHERE ( `status` = 1 ) AND ( `name` IN ('OpenloginQQ') )  [ RunTime:0.001000s ]
INFO: Run Common\Behavior\InitHookBehavior [ RunTime:1.053060s ]
INFO: [ app_init ] --END-- [ RunTime:1.053060s ]

[ 2015-10-30T16:23:34+08:00 ] 127.0.0.1 /Home/Product/index/cid/images/line.png
INFO: [ app_init ] --START--
INFO: Run Behavior\BuildLiteBehavior [ RunTime:0.000000s ]
NOTIC: [8192] mysql_connect(): The mysql extension is deprecated and will be removed in the future: use mysqli or PDO instead H:\website\cx_dysjj\ThinkPHP\Library\Think\Db\Driver\Mysql.class.php 第 52 行.
SQL: SHOW COLUMNS FROM `thinkphp_hooks` [ RunTime:0.015001s ]
SQL: SELECT `name`,`addons` FROM `thinkphp_hooks`  [ RunTime:0.000000s ]
SQL: SHOW COLUMNS FROM `thinkphp_addons` [ RunTime:0.018001s ]
SQL: SELECT `id`,`name` FROM `thinkphp_addons` WHERE ( `status` = 1 ) AND ( `name` IN ('ShareBaidu','ShareBshare') )  [ RunTime:0.000000s ]
SQL: SELECT `id`,`name` FROM `thinkphp_addons` WHERE ( `status` = 1 ) AND ( `name` IN ('DiscussUyan','DiscussDuoshuo') )  [ RunTime:0.000000s ]
SQL: SELECT `id`,`name` FROM `thinkphp_addons` WHERE ( `status` = 1 ) AND ( `name` IN ('TongjiBaidu') )  [ RunTime:0.000000s ]
SQL: SELECT `id`,`name` FROM `thinkphp_addons` WHERE ( `status` = 1 ) AND ( `name` IN ('WeatherTsff','WeatherTqw') )  [ RunTime:0.000000s ]
SQL: SELECT `id`,`name` FROM `thinkphp_addons` WHERE ( `status` = 1 ) AND ( `name` IN ('WechatJSDK') )  [ RunTime:0.000000s ]
SQL: SELECT `id`,`name` FROM `thinkphp_addons` WHERE ( `status` = 1 ) AND ( `name` IN ('DituBaidu','DituBaiduDaohang') )  [ RunTime:0.001000s ]
SQL: SELECT `id`,`name` FROM `thinkphp_addons` WHERE ( `status` = 1 ) AND ( `name` IN ('OpenloginQQ') )  [ RunTime:0.000000s ]
INFO: Run Common\Behavior\InitHookBehavior [ RunTime:1.052061s ]
INFO: [ app_init ] --END-- [ RunTime:1.052061s ]

[ 2015-10-30T16:23:34+08:00 ] 127.0.0.1 /Home/Product/index/cid/images/class_rg.jpg
INFO: [ app_init ] --START--
INFO: Run Behavior\BuildLiteBehavior [ RunTime:0.001000s ]
NOTIC: [8192] mysql_connect(): The mysql extension is deprecated and will be removed in the future: use mysqli or PDO instead H:\website\cx_dysjj\ThinkPHP\Library\Think\Db\Driver\Mysql.class.php 第 52 行.
SQL: SHOW COLUMNS FROM `thinkphp_hooks` [ RunTime:0.019001s ]
SQL: SELECT `name`,`addons` FROM `thinkphp_hooks`  [ RunTime:0.000000s ]
SQL: SHOW COLUMNS FROM `thinkphp_addons` [ RunTime:0.014001s ]
SQL: SELECT `id`,`name` FROM `thinkphp_addons` WHERE ( `status` = 1 ) AND ( `name` IN ('ShareBaidu','ShareBshare') )  [ RunTime:0.000000s ]
SQL: SELECT `id`,`name` FROM `thinkphp_addons` WHERE ( `status` = 1 ) AND ( `name` IN ('DiscussUyan','DiscussDuoshuo') )  [ RunTime:0.000000s ]
SQL: SELECT `id`,`name` FROM `thinkphp_addons` WHERE ( `status` = 1 ) AND ( `name` IN ('TongjiBaidu') )  [ RunTime:0.000000s ]
SQL: SELECT `id`,`name` FROM `thinkphp_addons` WHERE ( `status` = 1 ) AND ( `name` IN ('WeatherTsff','WeatherTqw') )  [ RunTime:0.001000s ]
SQL: SELECT `id`,`name` FROM `thinkphp_addons` WHERE ( `status` = 1 ) AND ( `name` IN ('WechatJSDK') )  [ RunTime:0.001001s ]
SQL: SELECT `id`,`name` FROM `thinkphp_addons` WHERE ( `status` = 1 ) AND ( `name` IN ('DituBaidu','DituBaiduDaohang') )  [ RunTime:0.001000s ]
SQL: SELECT `id`,`name` FROM `thinkphp_addons` WHERE ( `status` = 1 ) AND ( `name` IN ('OpenloginQQ') )  [ RunTime:0.002000s ]
INFO: Run Common\Behavior\InitHookBehavior [ RunTime:1.062061s ]
INFO: [ app_init ] --END-- [ RunTime:1.063061s ]

[ 2015-10-30T16:23:34+08:00 ] 127.0.0.1 /Home/Product/index/cid/images/class_pj.jpg
INFO: [ app_init ] --START--
INFO: Run Behavior\BuildLiteBehavior [ RunTime:0.000000s ]
NOTIC: [8192] mysql_connect(): The mysql extension is deprecated and will be removed in the future: use mysqli or PDO instead H:\website\cx_dysjj\ThinkPHP\Library\Think\Db\Driver\Mysql.class.php 第 52 行.
SQL: SHOW COLUMNS FROM `thinkphp_hooks` [ RunTime:0.015001s ]
SQL: SELECT `name`,`addons` FROM `thinkphp_hooks`  [ RunTime:0.000000s ]
SQL: SHOW COLUMNS FROM `thinkphp_addons` [ RunTime:0.004000s ]
SQL: SELECT `id`,`name` FROM `thinkphp_addons` WHERE ( `status` = 1 ) AND ( `name` IN ('ShareBaidu','ShareBshare') )  [ RunTime:0.000000s ]
SQL: SELECT `id`,`name` FROM `thinkphp_addons` WHERE ( `status` = 1 ) AND ( `name` IN ('DiscussUyan','DiscussDuoshuo') )  [ RunTime:0.001001s ]
SQL: SELECT `id`,`name` FROM `thinkphp_addons` WHERE ( `status` = 1 ) AND ( `name` IN ('TongjiBaidu') )  [ RunTime:0.000000s ]
SQL: SELECT `id`,`name` FROM `thinkphp_addons` WHERE ( `status` = 1 ) AND ( `name` IN ('WeatherTsff','WeatherTqw') )  [ RunTime:0.001000s ]
SQL: SELECT `id`,`name` FROM `thinkphp_addons` WHERE ( `status` = 1 ) AND ( `name` IN ('WechatJSDK') )  [ RunTime:0.000000s ]
SQL: SELECT `id`,`name` FROM `thinkphp_addons` WHERE ( `status` = 1 ) AND ( `name` IN ('DituBaidu','DituBaiduDaohang') )  [ RunTime:0.000000s ]
SQL: SELECT `id`,`name` FROM `thinkphp_addons` WHERE ( `status` = 1 ) AND ( `name` IN ('OpenloginQQ') )  [ RunTime:0.000000s ]
INFO: Run Common\Behavior\InitHookBehavior [ RunTime:1.042060s ]
INFO: [ app_init ] --END-- [ RunTime:1.042060s ]

[ 2015-10-30T16:23:34+08:00 ] 127.0.0.1 /Home/Product/index/cid/images/class_jf.jpg
INFO: [ app_init ] --START--
INFO: Run Behavior\BuildLiteBehavior [ RunTime:0.000000s ]
NOTIC: [8192] mysql_connect(): The mysql extension is deprecated and will be removed in the future: use mysqli or PDO instead H:\website\cx_dysjj\ThinkPHP\Library\Think\Db\Driver\Mysql.class.php 第 52 行.
SQL: SHOW COLUMNS FROM `thinkphp_hooks` [ RunTime:0.019001s ]
SQL: SELECT `name`,`addons` FROM `thinkphp_hooks`  [ RunTime:0.000000s ]
SQL: SHOW COLUMNS FROM `thinkphp_addons` [ RunTime:0.005000s ]
SQL: SELECT `id`,`name` FROM `thinkphp_addons` WHERE ( `status` = 1 ) AND ( `name` IN ('ShareBaidu','ShareBshare') )  [ RunTime:0.000000s ]
SQL: SELECT `id`,`name` FROM `thinkphp_addons` WHERE ( `status` = 1 ) AND ( `name` IN ('DiscussUyan','DiscussDuoshuo') )  [ RunTime:0.002000s ]
SQL: SELECT `id`,`name` FROM `thinkphp_addons` WHERE ( `status` = 1 ) AND ( `name` IN ('TongjiBaidu') )  [ RunTime:0.000000s ]
SQL: SELECT `id`,`name` FROM `thinkphp_addons` WHERE ( `status` = 1 ) AND ( `name` IN ('WeatherTsff','WeatherTqw') )  [ RunTime:0.000000s ]
SQL: SELECT `id`,`name` FROM `thinkphp_addons` WHERE ( `status` = 1 ) AND ( `name` IN ('WechatJSDK') )  [ RunTime:0.000000s ]
SQL: SELECT `id`,`name` FROM `thinkphp_addons` WHERE ( `status` = 1 ) AND ( `name` IN ('DituBaidu','DituBaiduDaohang') )  [ RunTime:0.001000s ]
SQL: SELECT `id`,`name` FROM `thinkphp_addons` WHERE ( `status` = 1 ) AND ( `name` IN ('OpenloginQQ') )  [ RunTime:0.001000s ]
INFO: Run Common\Behavior\InitHookBehavior [ RunTime:1.053060s ]
INFO: [ app_init ] --END-- [ RunTime:1.053060s ]

[ 2015-10-30T16:23:36+08:00 ] 127.0.0.1 /Home/Product/index/cid/images/class_lt.jpg
INFO: [ app_init ] --START--
INFO: Run Behavior\BuildLiteBehavior [ RunTime:0.000000s ]
NOTIC: [8192] mysql_connect(): The mysql extension is deprecated and will be removed in the future: use mysqli or PDO instead H:\website\cx_dysjj\ThinkPHP\Library\Think\Db\Driver\Mysql.class.php 第 52 行.
SQL: SHOW COLUMNS FROM `thinkphp_hooks` [ RunTime:0.006001s ]
SQL: SELECT `name`,`addons` FROM `thinkphp_hooks`  [ RunTime:0.000000s ]
SQL: SHOW COLUMNS FROM `thinkphp_addons` [ RunTime:0.007000s ]
SQL: SELECT `id`,`name` FROM `thinkphp_addons` WHERE ( `status` = 1 ) AND ( `name` IN ('ShareBaidu','ShareBshare') )  [ RunTime:0.000000s ]
SQL: SELECT `id`,`name` FROM `thinkphp_addons` WHERE ( `status` = 1 ) AND ( `name` IN ('DiscussUyan','DiscussDuoshuo') )  [ RunTime:0.001000s ]
SQL: SELECT `id`,`name` FROM `thinkphp_addons` WHERE ( `status` = 1 ) AND ( `name` IN ('TongjiBaidu') )  [ RunTime:0.001000s ]
SQL: SELECT `id`,`name` FROM `thinkphp_addons` WHERE ( `status` = 1 ) AND ( `name` IN ('WeatherTsff','WeatherTqw') )  [ RunTime:0.000000s ]
SQL: SELECT `id`,`name` FROM `thinkphp_addons` WHERE ( `status` = 1 ) AND ( `name` IN ('WechatJSDK') )  [ RunTime:0.000000s ]
SQL: SELECT `id`,`name` FROM `thinkphp_addons` WHERE ( `status` = 1 ) AND ( `name` IN ('DituBaidu','DituBaiduDaohang') )  [ RunTime:0.000000s ]
SQL: SELECT `id`,`name` FROM `thinkphp_addons` WHERE ( `status` = 1 ) AND ( `name` IN ('OpenloginQQ') )  [ RunTime:0.000000s ]
INFO: Run Common\Behavior\InitHookBehavior [ RunTime:1.047060s ]
INFO: [ app_init ] --END-- [ RunTime:1.047060s ]

